# JRE version: Java(TM) SE Runtime Environment (17.0.12+8) (build 17.0.12+8-LTS-286)
# Java VM: Java HotSpot(TM) 64-Bit Server VM (17.0.12+8-LTS-286, mixed mode, sharing, tiered, compressed oops, compressed class ptrs, g1 gc, windows-amd64)
GC Precious Log:
 CPUs: 16 total, 16 available
 Memory: 16008M
 Large Page Support: Disabled
 NUMA Support: Disabled
 Compressed Oops: Enabled (32-bit)
 Heap Region Size: 1M
 Heap Min Capacity: 8M
 Heap Initial Capacity: 252M
 Heap Max Capacity: 2G
 Pre-touch: Disabled
 Parallel Workers: 13
 Concurrent Workers: 3
 Concurrent Refinement Workers: 13
 Periodic GC: Disabled
Heap:
 garbage-first heap   total 258048K, used 111369K [0x0000000080000000, 0x0000000100000000)
  region size 1024K, 5 young (5120K), 5 survivors (5120K)
 Metaspace       used 94077K, committed 95040K, reserved 1179648K
  class space    used 12976K, committed 13440K, reserved 1048576K
GC Heap History (20 events):
Event: 7.559 GC heap after
{Heap after GC invocations=25 (full 0):
 garbage-first heap   total 177152K, used 82377K [0x0000000080000000, 0x0000000100000000)
  region size 1024K, 5 young (5120K), 5 survivors (5120K)
 Metaspace       used 71519K, committed 72320K, reserved 1114112K
  class space    used 9781K, committed 10176K, reserved 1048576K
}
Event: 8.181 GC heap before
{Heap before GC invocations=25 (full 0):
 garbage-first heap   total 177152K, used 140745K [0x0000000080000000, 0x0000000100000000)
  region size 1024K, 62 young (63488K), 5 survivors (5120K)
 Metaspace       used 75780K, committed 76608K, reserved 1179648K
  class space    used 10440K, committed 10816K, reserved 1048576K
}
Event: 8.183 GC heap after
{Heap after GC invocations=26 (full 0):
 garbage-first heap   total 177152K, used 84318K [0x0000000080000000, 0x0000000100000000)
  region size 1024K, 7 young (7168K), 7 survivors (7168K)
 Metaspace       used 75780K, committed 76608K, reserved 1179648K
  class space    used 10440K, committed 10816K, reserved 1048576K
}
Event: 8.602 GC heap before
{Heap before GC invocations=26 (full 0):
 garbage-first heap   total 177152K, used 143710K [0x0000000080000000, 0x0000000100000000)
  region size 1024K, 65 young (66560K), 7 survivors (7168K)
 Metaspace       used 80063K, committed 81024K, reserved 1179648K
  class space    used 11126K, committed 11584K, reserved 1048576K
}
Event: 8.605 GC heap after
{Heap after GC invocations=27 (full 0):
 garbage-first heap   total 177152K, used 87080K [0x0000000080000000, 0x0000000100000000)
  region size 1024K, 5 young (5120K), 5 survivors (5120K)
 Metaspace       used 80063K, committed 81024K, reserved 1179648K
  class space    used 11126K, committed 11584K, reserved 1048576K
}
Event: 9.118 GC heap before
{Heap before GC invocations=27 (full 0):
 garbage-first heap   total 177152K, used 145448K [0x0000000080000000, 0x0000000100000000)
  region size 1024K, 62 young (63488K), 5 survivors (5120K)
 Metaspace       used 84353K, committed 85248K, reserved 1179648K
  class space    used 11774K, committed 12160K, reserved 1048576K
}
Event: 9.122 GC heap after
{Heap after GC invocations=28 (full 0):
 garbage-first heap   total 177152K, used 89858K [0x0000000080000000, 0x0000000100000000)
  region size 1024K, 6 young (6144K), 6 survivors (6144K)
 Metaspace       used 84353K, committed 85248K, reserved 1179648K
  class space    used 11774K, committed 12160K, reserved 1048576K
}
Event: 9.658 GC heap before
{Heap before GC invocations=29 (full 0):
 garbage-first heap   total 177152K, used 146178K [0x0000000080000000, 0x0000000100000000)
  region size 1024K, 61 young (62464K), 6 survivors (6144K)
 Metaspace       used 88390K, committed 89344K, reserved 1179648K
  class space    used 12364K, committed 12800K, reserved 1048576K
}
Event: 9.662 GC heap after
{Heap after GC invocations=30 (full 0):
 garbage-first heap   total 177152K, used 93011K [0x0000000080000000, 0x0000000100000000)
  region size 1024K, 6 young (6144K), 6 survivors (6144K)
 Metaspace       used 88390K, committed 89344K, reserved 1179648K
  class space    used 12364K, committed 12800K, reserved 1048576K
}
Event: 9.683 GC heap before
{Heap before GC invocations=30 (full 0):
 garbage-first heap   total 177152K, used 94035K [0x0000000080000000, 0x0000000100000000)
  region size 1024K, 8 young (8192K), 6 survivors (6144K)
 Metaspace       used 88492K, committed 89408K, reserved 1179648K
  class space    used 12376K, committed 12800K, reserved 1048576K
}
Event: 9.687 GC heap after
{Heap after GC invocations=31 (full 0):
 garbage-first heap   total 177152K, used 93325K [0x0000000080000000, 0x0000000100000000)
  region size 1024K, 1 young (1024K), 1 survivors (1024K)
 Metaspace       used 88492K, committed 89408K, reserved 1179648K
  class space    used 12376K, committed 12800K, reserved 1048576K
}
Event: 10.150 GC heap before
{Heap before GC invocations=31 (full 0):
 garbage-first heap   total 177152K, used 151693K [0x0000000080000000, 0x0000000100000000)
  region size 1024K, 54 young (55296K), 1 survivors (1024K)
 Metaspace       used 93210K, committed 94144K, reserved 1179648K
  class space    used 12913K, committed 13376K, reserved 1048576K
}
Event: 10.173 GC heap after
{Heap after GC invocations=32 (full 0):
 garbage-first heap   total 177152K, used 99000K [0x0000000080000000, 0x0000000100000000)
  region size 1024K, 7 young (7168K), 7 survivors (7168K)
 Metaspace       used 93210K, committed 94144K, reserved 1179648K
  class space    used 12913K, committed 13376K, reserved 1048576K
}
Event: 10.443 GC heap before
{Heap before GC invocations=33 (full 0):
 garbage-first heap   total 177152K, used 144056K [0x0000000080000000, 0x0000000100000000)
  region size 1024K, 52 young (53248K), 7 survivors (7168K)
 Metaspace       used 93551K, committed 94464K, reserved 1179648K
  class space    used 12919K, committed 13376K, reserved 1048576K
}
Event: 10.448 GC heap after
{Heap after GC invocations=34 (full 0):
 garbage-first heap   total 177152K, used 105276K [0x0000000080000000, 0x0000000100000000)
  region size 1024K, 7 young (7168K), 7 survivors (7168K)
 Metaspace       used 93551K, committed 94464K, reserved 1179648K
  class space    used 12919K, committed 13376K, reserved 1048576K
}
Event: 10.451 GC heap before
{Heap before GC invocations=34 (full 0):
 garbage-first heap   total 177152K, used 106300K [0x0000000080000000, 0x0000000100000000)
  region size 1024K, 8 young (8192K), 7 survivors (7168K)
 Metaspace       used 93553K, committed 94464K, reserved 1179648K
  class space    used 12919K, committed 13376K, reserved 1048576K
}
Event: 10.454 GC heap after
{Heap after GC invocations=35 (full 0):
 garbage-first heap   total 177152K, used 105472K [0x0000000080000000, 0x0000000100000000)
  region size 1024K, 1 young (1024K), 1 survivors (1024K)
 Metaspace       used 93553K, committed 94464K, reserved 1179648K
  class space    used 12919K, committed 13376K, reserved 1048576K
}
Event: 10.592 GC heap before
{Heap before GC invocations=35 (full 0):
 garbage-first heap   total 177152K, used 145408K [0x0000000080000000, 0x0000000100000000)
  region size 1024K, 41 young (41984K), 1 survivors (1024K)
 Metaspace       used 93565K, committed 94464K, reserved 1179648K
  class space    used 12919K, committed 13376K, reserved 1048576K
}
Event: 10.595 GC heap after
{Heap after GC invocations=36 (full 0):
 garbage-first heap   total 177152K, used 108840K [0x0000000080000000, 0x0000000100000000)
  region size 1024K, 5 young (5120K), 5 survivors (5120K)
 Metaspace       used 93565K, committed 94464K, reserved 1179648K
  class space    used 12919K, committed 13376K, reserved 1048576K
}
Event: 10.866 GC heap before
{Heap before GC invocations=36 (full 0):
 garbage-first heap   total 177152K, used 145704K [0x0000000080000000, 0x0000000100000000)
  region size 1024K, 42 young (43008K), 5 survivors (5120K)
 Metaspace       used 94077K, committed 95040K, reserved 1179648K
  class space    used 12976K, committed 13440K, reserved 1048576K
}

